  main.cpp
D:\Matt\Documents\University\Parallel and Concurrent\Coursework 2020\RGB_ProcessingWin\main.cpp(45,36): warning C4244: 'argument': conversion from 'uint64_t' to 'unsigned int', possible loss of data
D:\Matt\Documents\University\Parallel and Concurrent\Coursework 2020\RGB_ProcessingWin\main.cpp(45,29): warning C4244: 'argument': conversion from 'uint64_t' to 'unsigned int', possible loss of data
D:\Matt\Documents\University\Parallel and Concurrent\Coursework 2020\RGB_ProcessingWin\main.cpp(89,36): warning C4244: 'argument': conversion from 'uint64_t' to 'unsigned int', possible loss of data
D:\Matt\Documents\University\Parallel and Concurrent\Coursework 2020\RGB_ProcessingWin\main.cpp(89,29): warning C4244: 'argument': conversion from 'uint64_t' to 'unsigned int', possible loss of data
D:\Matt\Documents\University\Parallel and Concurrent\Coursework 2020\RGB_ProcessingWin\main.cpp(160,60): warning C4244: 'argument': conversion from 'double' to '_Ty', possible loss of data
          with
          [
              _Ty=float
          ]
D:\Matt\Documents\University\Parallel and Concurrent\Coursework 2020\RGB_ProcessingWin\main.cpp(178,63): warning C4244: 'argument': conversion from 'float' to 'const unsigned int', possible loss of data
D:\Matt\Documents\University\Parallel and Concurrent\Coursework 2020\RGB_ProcessingWin\main.cpp(178,76): warning C4244: 'argument': conversion from 'float' to 'const unsigned int', possible loss of data
D:\Matt\Documents\University\Parallel and Concurrent\Coursework 2020\RGB_ProcessingWin\main.cpp(198,36): warning C4244: 'argument': conversion from 'uint64_t' to 'unsigned int', possible loss of data
D:\Matt\Documents\University\Parallel and Concurrent\Coursework 2020\RGB_ProcessingWin\main.cpp(198,29): warning C4244: 'argument': conversion from 'uint64_t' to 'unsigned int', possible loss of data
D:\Matt\Documents\University\Parallel and Concurrent\Coursework 2020\RGB_ProcessingWin\main.cpp(221,57): warning C4244: '=': conversion from 'uint64_t' to 'int', possible loss of data
D:\Matt\Documents\University\Parallel and Concurrent\Coursework 2020\RGB_ProcessingWin\main.cpp(222,30): warning C4244: '=': conversion from 'uint64_t' to 'int', possible loss of data
D:\Matt\Documents\University\Parallel and Concurrent\Coursework 2020\RGB_ProcessingWin\main.cpp(228,56): warning C4244: '=': conversion from 'uint64_t' to 'int', possible loss of data
D:\Matt\Documents\University\Parallel and Concurrent\Coursework 2020\RGB_ProcessingWin\main.cpp(231,53): warning C4244: 'argument': conversion from 'int' to 'float', possible loss of data
D:\Matt\Documents\University\Parallel and Concurrent\Coursework 2020\RGB_ProcessingWin\main.cpp(231,43): warning C4244: 'argument': conversion from 'int' to 'float', possible loss of data
D:\Matt\Documents\University\Parallel and Concurrent\Coursework 2020\RGB_ProcessingWin\main.cpp(254,36): warning C4244: 'argument': conversion from 'uint64_t' to 'unsigned int', possible loss of data
D:\Matt\Documents\University\Parallel and Concurrent\Coursework 2020\RGB_ProcessingWin\main.cpp(254,29): warning C4244: 'argument': conversion from 'uint64_t' to 'unsigned int', possible loss of data
D:\Matt\Documents\University\Parallel and Concurrent\Coursework 2020\RGB_ProcessingWin\main.cpp(278,39): warning C4244: '=': conversion from 'uint64_t' to 'int', possible loss of data
D:\Matt\Documents\University\Parallel and Concurrent\Coursework 2020\RGB_ProcessingWin\main.cpp(283,42): warning C4244: '=': conversion from 'uint64_t' to 'int', possible loss of data
D:\Matt\Documents\University\Parallel and Concurrent\Coursework 2020\RGB_ProcessingWin\main.cpp(285,84): warning C4244: 'argument': conversion from 'int' to 'float', possible loss of data
D:\Matt\Documents\University\Parallel and Concurrent\Coursework 2020\RGB_ProcessingWin\main.cpp(285,80): warning C4244: 'argument': conversion from 'int' to 'float', possible loss of data
D:\Matt\Documents\University\Parallel and Concurrent\Coursework 2020\RGB_ProcessingWin\main.cpp(310,36): warning C4244: 'argument': conversion from 'uint64_t' to 'unsigned int', possible loss of data
D:\Matt\Documents\University\Parallel and Concurrent\Coursework 2020\RGB_ProcessingWin\main.cpp(310,29): warning C4244: 'argument': conversion from 'uint64_t' to 'unsigned int', possible loss of data
D:\Matt\Documents\University\Parallel and Concurrent\Coursework 2020\RGB_ProcessingWin\main.cpp(338,36): warning C4244: 'argument': conversion from 'uint64_t' to 'unsigned int', possible loss of data
D:\Matt\Documents\University\Parallel and Concurrent\Coursework 2020\RGB_ProcessingWin\main.cpp(338,29): warning C4244: 'argument': conversion from 'uint64_t' to 'unsigned int', possible loss of data
D:\Matt\Documents\University\Parallel and Concurrent\Coursework 2020\RGB_ProcessingWin\main.cpp(387,10): warning C4244: 'initializing': conversion from 'Value' to 'int', possible loss of data
          with
          [
              Value=float
          ]
D:\Matt\Documents\University\Parallel and Concurrent\Coursework 2020\RGB_ProcessingWin\main.cpp(419,36): warning C4244: 'argument': conversion from 'uint64_t' to 'unsigned int', possible loss of data
D:\Matt\Documents\University\Parallel and Concurrent\Coursework 2020\RGB_ProcessingWin\main.cpp(419,29): warning C4244: 'argument': conversion from 'uint64_t' to 'unsigned int', possible loss of data
D:\Matt\Documents\University\Parallel and Concurrent\Coursework 2020\RGB_ProcessingWin\Libraries\tbb_4_4_2\include\tbb\parallel_reduce.h(325,101): warning C4244: 'argument': conversion from 'const Value' to 'int', possible loss of data
          with
          [
              Value=float
          ]
D:\Matt\Documents\University\Parallel and Concurrent\Coursework 2020\RGB_ProcessingWin\Libraries\tbb_4_4_2\include\tbb\parallel_reduce.h(324): message : while compiling class template member function 'void tbb::internal::lambda_reduce_body<Range,Value,RealBody,Reduction>::join(tbb::internal::lambda_reduce_body<Range,Value,RealBody,Reduction> &)'
          with
          [
              Range=tbb::blocked_range<int>,
              Value=float,
              RealBody=PixelsThatMeetCriteriaParallel::<lambda_cb31da7996ebaac2332ab2fb28d8731b>,
              Reduction=PixelsThatMeetCriteriaParallel::<lambda_74f9aeff8b80673ddea3a0e436acd866>
          ]
D:\Matt\Documents\University\Parallel and Concurrent\Coursework 2020\RGB_ProcessingWin\Libraries\tbb_4_4_2\include\tbb\parallel_reduce.h(69): message : see reference to function template instantiation 'void tbb::internal::lambda_reduce_body<Range,Value,RealBody,Reduction>::join(tbb::internal::lambda_reduce_body<Range,Value,RealBody,Reduction> &)' being compiled
          with
          [
              Range=tbb::blocked_range<int>,
              Value=float,
              RealBody=PixelsThatMeetCriteriaParallel::<lambda_cb31da7996ebaac2332ab2fb28d8731b>,
              Reduction=PixelsThatMeetCriteriaParallel::<lambda_74f9aeff8b80673ddea3a0e436acd866>
          ]
D:\Matt\Documents\University\Parallel and Concurrent\Coursework 2020\RGB_ProcessingWin\Libraries\tbb_4_4_2\include\tbb\parallel_reduce.h(432): message : see reference to class template instantiation 'tbb::internal::lambda_reduce_body<Range,Value,RealBody,Reduction>' being compiled
          with
          [
              Range=tbb::blocked_range<int>,
              Value=float,
              RealBody=PixelsThatMeetCriteriaParallel::<lambda_cb31da7996ebaac2332ab2fb28d8731b>,
              Reduction=PixelsThatMeetCriteriaParallel::<lambda_74f9aeff8b80673ddea3a0e436acd866>
          ]
D:\Matt\Documents\University\Parallel and Concurrent\Coursework 2020\RGB_ProcessingWin\main.cpp(402): message : see reference to function template instantiation 'Value tbb::parallel_reduce<tbb::blocked_range<RowValue>,float,PixelsThatMeetCriteriaParallel::<lambda_cb31da7996ebaac2332ab2fb28d8731b>,PixelsThatMeetCriteriaParallel::<lambda_74f9aeff8b80673ddea3a0e436acd866>>(const Range &,const Value &,const RealBody &,const Reduction &)' being compiled
          with
          [
              Value=float,
              RowValue=int,
              Range=tbb::blocked_range<int>,
              RealBody=PixelsThatMeetCriteriaParallel::<lambda_cb31da7996ebaac2332ab2fb28d8731b>,
              Reduction=PixelsThatMeetCriteriaParallel::<lambda_74f9aeff8b80673ddea3a0e436acd866>
          ]
D:\Matt\Documents\University\Parallel and Concurrent\Coursework 2020\RGB_ProcessingWin\Libraries\tbb_4_4_2\include\tbb\parallel_reduce.h(325,62): warning C4244: 'argument': conversion from 'const Value' to 'int', possible loss of data
          with
          [
              Value=float
          ]
D:\Matt\Documents\University\Parallel and Concurrent\Coursework 2020\RGB_ProcessingWin\Libraries\tbb_4_4_2\include\tbb\parallel_reduce.h(325,36): warning C4244: '=': conversion from 'int' to 'Value', possible loss of data
          with
          [
              Value=float
          ]
D:\Matt\Documents\University\Parallel and Concurrent\Coursework 2020\RGB_ProcessingWin\Libraries\tbb_4_4_2\include\tbb\parallel_reduce.h(322,69): warning C4244: 'argument': conversion from 'const Value' to 'int', possible loss of data
          with
          [
              Value=float
          ]
D:\Matt\Documents\University\Parallel and Concurrent\Coursework 2020\RGB_ProcessingWin\Libraries\tbb_4_4_2\include\tbb\parallel_reduce.h(321): message : while compiling class template member function 'void tbb::internal::lambda_reduce_body<Range,Value,RealBody,Reduction>::operator ()(Range &)'
          with
          [
              Range=tbb::blocked_range<int>,
              Value=float,
              RealBody=PixelsThatMeetCriteriaParallel::<lambda_cb31da7996ebaac2332ab2fb28d8731b>,
              Reduction=PixelsThatMeetCriteriaParallel::<lambda_74f9aeff8b80673ddea3a0e436acd866>
          ]
D:\Matt\Documents\University\Parallel and Concurrent\Coursework 2020\RGB_ProcessingWin\Libraries\tbb_4_4_2\include\tbb\parallel_reduce.h(151): message : see reference to function template instantiation 'void tbb::internal::lambda_reduce_body<Range,Value,RealBody,Reduction>::operator ()(Range &)' being compiled
          with
          [
              Range=tbb::blocked_range<int>,
              Value=float,
              RealBody=PixelsThatMeetCriteriaParallel::<lambda_cb31da7996ebaac2332ab2fb28d8731b>,
              Reduction=PixelsThatMeetCriteriaParallel::<lambda_74f9aeff8b80673ddea3a0e436acd866>
          ]
D:\Matt\Documents\University\Parallel and Concurrent\Coursework 2020\RGB_ProcessingWin\Libraries\tbb_4_4_2\include\tbb\parallel_reduce.h(322,36): warning C4244: '=': conversion from 'int' to 'Value', possible loss of data
          with
          [
              Value=float
          ]
  RGB_ProcessingWin.vcxproj -> D:\Matt\Documents\University\Parallel and Concurrent\Coursework 2020\RGB_ProcessingWin\Debug\RGB_ProcessingWin.exe
